Using pre-set license
Built from '2021.3/staging' branch; Version is '2021.3.6f1 (7da38d85baf6) revision 8233869'; Using compiler version '192829333'; Build Type 'Release'
OS: 'Windows 10  (10.0.19044) 64bit Core' Language: 'en' Physical Memory: 8077 MB
BatchMode: 1, IsHumanControllingUs: 0, StartBugReporterOnCrash: 0, Is64bit: 1, IsPro: 1

COMMAND LINE ARGUMENTS:
C:\Program Files\Unity\Hub\Editor\2021.3.6f1\Editor\Unity.exe
-adb2
-batchMode
-noUpm
-name
AssetImportWorker1
-projectPath
C:/Users/Muhammad Saaim/Stranded
-logFile
Logs/AssetImportWorker1.log
-srvPort
60089
Successfully changed project path to: C:/Users/Muhammad Saaim/Stranded
C:/Users/Muhammad Saaim/Stranded
[UnityMemory] Configuration Parameters - Can be set up in boot.config
    "memorysetup-bucket-allocator-granularity=16"
    "memorysetup-bucket-allocator-bucket-count=8"
    "memorysetup-bucket-allocator-block-size=33554432"
    "memorysetup-bucket-allocator-block-count=8"
    "memorysetup-main-allocator-block-size=16777216"
    "memorysetup-thread-allocator-block-size=16777216"
    "memorysetup-gfx-main-allocator-block-size=16777216"
    "memorysetup-gfx-thread-allocator-block-size=16777216"
    "memorysetup-cache-allocator-block-size=4194304"
    "memorysetup-typetree-allocator-block-size=2097152"
    "memorysetup-profiler-bucket-allocator-granularity=16"
    "memorysetup-profiler-bucket-allocator-bucket-count=8"
    "memorysetup-profiler-bucket-allocator-block-size=33554432"
    "memorysetup-profiler-bucket-allocator-block-count=8"
    "memorysetup-profiler-allocator-block-size=16777216"
    "memorysetup-profiler-editor-allocator-block-size=1048576"
    "memorysetup-temp-allocator-size-main=16777216"
    "memorysetup-job-temp-allocator-block-size=2097152"
    "memorysetup-job-temp-allocator-block-size-background=1048576"
    "memorysetup-job-temp-allocator-reduction-small-platforms=262144"
    "memorysetup-temp-allocator-size-background-worker=32768"
    "memorysetup-temp-allocator-size-job-worker=262144"
    "memorysetup-temp-allocator-size-preload-manager=33554432"
    "memorysetup-temp-allocator-size-nav-mesh-worker=65536"
    "memorysetup-temp-allocator-size-audio-worker=65536"
    "memorysetup-temp-allocator-size-cloud-worker=32768"
    "memorysetup-temp-allocator-size-gi-baking-worker=262144"
    "memorysetup-temp-allocator-size-gfx=262144"
Refreshing native plugins compatible for Editor in 199.01 ms, found 3 plugins.
Preloading 0 native plugins for Editor in 0.00 ms.
Initialize engine version: 2021.3.6f1 (7da38d85baf6)
[Subsystems] Discovering subsystems at path C:/Program Files/Unity/Hub/Editor/2021.3.6f1/Editor/Data/Resources/UnitySubsystems
[Subsystems] Discovering subsystems at path C:/Users/Muhammad Saaim/Stranded/Assets
GfxDevice: creating device client; threaded=0; jobified=0
Direct3D:
    Version:  Direct3D 11.0 [level 11.1]
    Renderer: NVIDIA GeForce GTX 1050 (ID=0x1c8d)
    Vendor:   NVIDIA
    VRAM:     4019 MB
    Driver:   31.0.15.1748
Initialize mono
Mono path[0] = 'C:/Program Files/Unity/Hub/Editor/2021.3.6f1/Editor/Data/Managed'
Mono path[1] = 'C:/Program Files/Unity/Hub/Editor/2021.3.6f1/Editor/Data/MonoBleedingEdge/lib/mono/unityjit-win32'
Mono config path = 'C:/Program Files/Unity/Hub/Editor/2021.3.6f1/Editor/Data/MonoBleedingEdge/etc'
Using monoOptions --debugger-agent=transport=dt_socket,embedding=1,server=y,suspend=n,address=127.0.0.1:56620
Begin MonoManager ReloadAssembly
Registering precompiled unity dll's ...
Trying to register platform support module: C:/Program Files/Unity/Hub/Editor/2021.3.6f1/Editor/Data/PlaybackEngines/WebGLSupport/UnityEditor.WebGL.Extensions.dll (that doesn't exist). Retrying without overrides.
Platform support module is not available: C:/Program Files/Unity/Hub/Editor/2021.3.6f1/Editor/Data/PlaybackEngines/WebGLSupport/UnityEditor.WebGL.Extensions.dll
Register platform support module: C:/Program Files/Unity/Hub/Editor/2021.3.6f1/Editor/Data/PlaybackEngines/WindowsStandaloneSupport/UnityEditor.WindowsStandalone.Extensions.dll
Registered in 0.014351 seconds.
Native extension for WindowsStandalone target not found
Refreshing native plugins compatible for Editor in 168.87 ms, found 3 plugins.
Preloading 0 native plugins for Editor in 0.00 ms.
Mono: successfully reloaded assembly
- Completed reload, in  1.120 seconds
Domain Reload Profiling:
	ReloadAssembly (1121ms)
		BeginReloadAssembly (138ms)
			ExecutionOrderSort (0ms)
			DisableScriptedObjects (0ms)
			BackupInstance (0ms)
			ReleaseScriptingObjects (0ms)
			CreateAndSetChildDomain (1ms)
		EndReloadAssembly (786ms)
			LoadAssemblies (134ms)
			RebuildTransferFunctionScriptingTraits (0ms)
			SetupTypeCache (179ms)
			ReleaseScriptCaches (0ms)
			RebuildScriptCaches (50ms)
			SetupLoadedEditorAssemblies (472ms)
				LogAssemblyErrors (0ms)
				InitializePlatformSupportModulesInManaged (12ms)
				SetLoadedEditorAssemblies (0ms)
				RefreshPlugins (169ms)
				BeforeProcessingInitializeOnLoad (2ms)
				ProcessInitializeOnLoadAttributes (211ms)
				ProcessInitializeOnLoadMethodAttributes (78ms)
				AfterProcessingInitializeOnLoad (0ms)
				EditorAssembliesLoaded (0ms)
			ExecutionOrderSort2 (0ms)
			AwakeInstancesAfterBackupRestoration (0ms)
Platform modules already initialized, skipping
Registering precompiled user dll's ...
Registered in 0.010977 seconds.
Begin MonoManager ReloadAssembly
Symbol file LoadedFromMemory doesn't match image C:\Users\Muhammad Saaim\Stranded\Library\PackageCache\com.unity.visualscripting@1.7.8\Editor\VisualScripting.Core\Dependencies\YamlDotNet\Unity.VisualScripting.YamlDotNet.dll
Symbol file LoadedFromMemory doesn't match image C:\Users\Muhammad Saaim\Stranded\Library\PackageCache\com.unity.visualscripting@1.7.8\Editor\VisualScripting.Core\Dependencies\DotNetZip\Unity.VisualScripting.IonicZip.dll
Native extension for WindowsStandalone target not found
Refreshing native plugins compatible for Editor in 0.84 ms, found 3 plugins.
Preloading 0 native plugins for Editor in 0.00 ms.
Mono: successfully reloaded assembly
- Completed reload, in  1.854 seconds
Domain Reload Profiling:
	ReloadAssembly (1855ms)
		BeginReloadAssembly (218ms)
			ExecutionOrderSort (0ms)
			DisableScriptedObjects (10ms)
			BackupInstance (0ms)
			ReleaseScriptingObjects (0ms)
			CreateAndSetChildDomain (30ms)
		EndReloadAssembly (1431ms)
			LoadAssemblies (161ms)
			RebuildTransferFunctionScriptingTraits (0ms)
			SetupTypeCache (491ms)
			ReleaseScriptCaches (1ms)
			RebuildScriptCaches (85ms)
			SetupLoadedEditorAssemblies (653ms)
				LogAssemblyErrors (0ms)
				InitializePlatformSupportModulesInManaged (14ms)
				SetLoadedEditorAssemblies (1ms)
				RefreshPlugins (1ms)
				BeforeProcessingInitializeOnLoad (168ms)
				ProcessInitializeOnLoadAttributes (411ms)
				ProcessInitializeOnLoadMethodAttributes (45ms)
				AfterProcessingInitializeOnLoad (13ms)
				EditorAssembliesLoaded (0ms)
			ExecutionOrderSort2 (0ms)
			AwakeInstancesAfterBackupRestoration (11ms)
Platform modules already initialized, skipping
========================================================================
Worker process is ready to serve import requests
Launched and connected shader compiler UnityShaderCompiler.exe after 0.10 seconds
Refreshing native plugins compatible for Editor in 1.19 ms, found 3 plugins.
Preloading 0 native plugins for Editor in 0.00 ms.
Unloading 3631 Unused Serialized files (Serialized files now loaded: 0)
Unloading 44 unused Assets / (1.9 MB). Loaded Objects now: 4092.
Memory consumption went from 156.6 MB to 154.7 MB.
Total: 7.055200 ms (FindLiveObjects: 0.410600 ms CreateObjectMapping: 0.397300 ms MarkObjects: 5.450200 ms  DeleteObjects: 0.776700 ms)

AssetImportParameters requested are different than current active one (requested -> active):
  custom:video-decoder-ogg-theora: a1e56fd34408186e4bbccfd4996cb3dc -> 
  custom:container-muxer-webm: aa71ff27fc2769a1b78a27578f13a17b -> 
  custom:container-demuxer-webm: 4f35f7cbe854078d1ac9338744f61a02 -> 
  custom:video-encoder-webm-vp8: eb34c28f22e8b96e1ab97ce403110664 -> 
  custom:audio-encoder-webm-vorbis: bf7c407c2cedff20999df2af8eb42d56 -> 
  custom:framework-win-MediaFoundation: 216162199b28c13a410421893ffa2e32 -> 
  custom:container-demuxer-ogg: 62fdf1f143b41e24485cea50d1cbac27 -> 
  custom:video-decoder-webm-vp8: 9c59270c3fd7afecdb556c50c9e8de78 -> 
  custom:audio-decoder-ogg-vorbis: bf7c407c2cedff20999df2af8eb42d56 -> 
========================================================================
Received Prepare
Registering precompiled user dll's ...
Registered in 0.010131 seconds.
Begin MonoManager ReloadAssembly
Symbol file LoadedFromMemory doesn't match image C:\Users\Muhammad Saaim\Stranded\Library\PackageCache\com.unity.visualscripting@1.7.8\Editor\VisualScripting.Core\Dependencies\YamlDotNet\Unity.VisualScripting.YamlDotNet.dll
Symbol file LoadedFromMemory doesn't match image C:\Users\Muhammad Saaim\Stranded\Library\PackageCache\com.unity.visualscripting@1.7.8\Editor\VisualScripting.Core\Dependencies\DotNetZip\Unity.VisualScripting.IonicZip.dll
Native extension for WindowsStandalone target not found
Refreshing native plugins compatible for Editor in 1.03 ms, found 3 plugins.
Preloading 0 native plugins for Editor in 0.00 ms.
Mono: successfully reloaded assembly
- Completed reload, in  2.427 seconds
Domain Reload Profiling:
	ReloadAssembly (2430ms)
		BeginReloadAssembly (353ms)
			ExecutionOrderSort (0ms)
			DisableScriptedObjects (18ms)
			BackupInstance (0ms)
			ReleaseScriptingObjects (0ms)
			CreateAndSetChildDomain (96ms)
		EndReloadAssembly (1834ms)
			LoadAssemblies (214ms)
			RebuildTransferFunctionScriptingTraits (0ms)
			SetupTypeCache (657ms)
			ReleaseScriptCaches (3ms)
			RebuildScriptCaches (98ms)
			SetupLoadedEditorAssemblies (782ms)
				LogAssemblyErrors (0ms)
				InitializePlatformSupportModulesInManaged (30ms)
				SetLoadedEditorAssemblies (1ms)
				RefreshPlugins (1ms)
				BeforeProcessingInitializeOnLoad (180ms)
				ProcessInitializeOnLoadAttributes (482ms)
				ProcessInitializeOnLoadMethodAttributes (68ms)
				AfterProcessingInitializeOnLoad (20ms)
				EditorAssembliesLoaded (0ms)
			ExecutionOrderSort2 (0ms)
			AwakeInstancesAfterBackupRestoration (17ms)
Platform modules already initialized, skipping
Refreshing native plugins compatible for Editor in 7.13 ms, found 3 plugins.
Preloading 0 native plugins for Editor in 0.00 ms.
Unloading 3569 Unused Serialized files (Serialized files now loaded: 0)
Unloading 37 unused Assets / (1.9 MB). Loaded Objects now: 4095.
Memory consumption went from 150.8 MB to 149.0 MB.
Total: 8.175900 ms (FindLiveObjects: 1.214200 ms CreateObjectMapping: 0.898400 ms MarkObjects: 5.364100 ms  DeleteObjects: 0.697400 ms)

AssetImportParameters requested are different than current active one (requested -> active):
  custom:video-decoder-ogg-theora: a1e56fd34408186e4bbccfd4996cb3dc -> 
  custom:container-muxer-webm: aa71ff27fc2769a1b78a27578f13a17b -> 
  custom:container-demuxer-webm: 4f35f7cbe854078d1ac9338744f61a02 -> 
  custom:video-encoder-webm-vp8: eb34c28f22e8b96e1ab97ce403110664 -> 
  custom:audio-encoder-webm-vorbis: bf7c407c2cedff20999df2af8eb42d56 -> 
  custom:framework-win-MediaFoundation: 216162199b28c13a410421893ffa2e32 -> 
  custom:container-demuxer-ogg: 62fdf1f143b41e24485cea50d1cbac27 -> 
  custom:video-decoder-webm-vp8: 9c59270c3fd7afecdb556c50c9e8de78 -> 
  custom:audio-decoder-ogg-vorbis: bf7c407c2cedff20999df2af8eb42d56 -> 
========================================================================
Received Import Request.
  Time since last request: 14542.464369 seconds.
  path: Assets/Sun_Temple/Prefabs/Backgrounds/Bgr_DistantBuilding_A.prefab
  artifactKey: Guid(d3d29bae076863141abd17a27e8f0f5c) Importer(815301076,1909f56bfc062723c751e8b465ee728b)
Start importing Assets/Sun_Temple/Prefabs/Backgrounds/Bgr_DistantBuilding_A.prefab using Guid(d3d29bae076863141abd17a27e8f0f5c) Importer(815301076,1909f56bfc062723c751e8b465ee728b)  -> (artifact id: '795a0648917da1bc83efc1bc21ab0b5f') in 0.336931 seconds 
========================================================================
Received Import Request.
  Time since last request: 0.000055 seconds.
  path: Assets/Sun_Temple/Content/Meshes/Main/Materials/Bgr_DistantBuildings.mat
  artifactKey: Guid(a33ce3484f54d6b478d63f0812eb5ec6) Importer(815301076,1909f56bfc062723c751e8b465ee728b)
Start importing Assets/Sun_Temple/Content/Meshes/Main/Materials/Bgr_DistantBuildings.mat using Guid(a33ce3484f54d6b478d63f0812eb5ec6) Importer(815301076,1909f56bfc062723c751e8b465ee728b)  -> (artifact id: 'b84cd334427baa97da36d233652d88c2') in 0.088087 seconds 
========================================================================
Received Import Request.
  Time since last request: 0.000040 seconds.
  path: Assets/Sun_Temple/Prefabs/Backgrounds/Bgr_DistantBuilding_C.prefab
  artifactKey: Guid(6f10cdcd2ad649a4ebba3ea93e00e5c0) Importer(815301076,1909f56bfc062723c751e8b465ee728b)
Start importing Assets/Sun_Temple/Prefabs/Backgrounds/Bgr_DistantBuilding_C.prefab using Guid(6f10cdcd2ad649a4ebba3ea93e00e5c0) Importer(815301076,1909f56bfc062723c751e8b465ee728b)  -> (artifact id: '337eb58d819f3b05ae4cd18a9f7bf557') in 0.024368 seconds 
========================================================================
Received Import Request.
  Time since last request: 0.000026 seconds.
  path: Assets/Sun_Temple/Content/Meshes/Main/Materials/Bgr_MountainBase.mat
  artifactKey: Guid(7075449fbe03d514cafe312631196650) Importer(815301076,1909f56bfc062723c751e8b465ee728b)
Start importing Assets/Sun_Temple/Content/Meshes/Main/Materials/Bgr_MountainBase.mat using Guid(7075449fbe03d514cafe312631196650) Importer(815301076,1909f56bfc062723c751e8b465ee728b)  -> (artifact id: '1bfefb55c539f65fa4edf599f5723efe') in 0.104202 seconds 
========================================================================
Received Import Request.
  Time since last request: 0.000030 seconds.
  path: Assets/Sun_Temple/Prefabs/Backgrounds/Bgr_DistantBuilding_B.prefab
  artifactKey: Guid(c283111e3b3bcbb49a4dafc204497213) Importer(815301076,1909f56bfc062723c751e8b465ee728b)
Start importing Assets/Sun_Temple/Prefabs/Backgrounds/Bgr_DistantBuilding_B.prefab using Guid(c283111e3b3bcbb49a4dafc204497213) Importer(815301076,1909f56bfc062723c751e8b465ee728b)  -> (artifact id: 'f1961e0a53a85c1d8b317fd68308bec4') in 0.026222 seconds 
========================================================================
Received Import Request.
  Time since last request: 0.000041 seconds.
  path: Assets/Sun_Temple/Prefabs/Backgrounds/Bgr_DistantBuilding_D.prefab
  artifactKey: Guid(f98f89b7c9a1c0b46a16401832df473b) Importer(815301076,1909f56bfc062723c751e8b465ee728b)
Start importing Assets/Sun_Temple/Prefabs/Backgrounds/Bgr_DistantBuilding_D.prefab using Guid(f98f89b7c9a1c0b46a16401832df473b) Importer(815301076,1909f56bfc062723c751e8b465ee728b)  -> (artifact id: 'e7ab34bfb6b017231b33d700ddc8ece3') in 0.029412 seconds 
========================================================================
Received Import Request.
  Time since last request: 0.000031 seconds.
  path: Assets/Sun_Temple/Content/Meshes/Main/Bld_Deco_DrainPipe_Mid.fbx
  artifactKey: Guid(91614d87700e82b4db92f7ad23516b1b) Importer(815301076,1909f56bfc062723c751e8b465ee728b)
Start importing Assets/Sun_Temple/Content/Meshes/Main/Bld_Deco_DrainPipe_Mid.fbx using Guid(91614d87700e82b4db92f7ad23516b1b) Importer(815301076,1909f56bfc062723c751e8b465ee728b)  -> (artifact id: '1809a8455539a98ccab523b3d09d2b7f') in 0.096530 seconds 
========================================================================
Received Import Request.
  Time since last request: 0.000059 seconds.
  path: Assets/Sun_Temple/Content/Meshes/Main/Bld_Deco_DrainPipe_Base.fbx
  artifactKey: Guid(88dd21745db7e9e4e9dc4add2b9967b4) Importer(815301076,1909f56bfc062723c751e8b465ee728b)
Start importing Assets/Sun_Temple/Content/Meshes/Main/Bld_Deco_DrainPipe_Base.fbx using Guid(88dd21745db7e9e4e9dc4add2b9967b4) Importer(815301076,1909f56bfc062723c751e8b465ee728b)  -> (artifact id: 'f34a66ddd94338bbc5682be16c65c672') in 0.041912 seconds 
========================================================================
Received Import Request.
  Time since last request: 0.000026 seconds.
  path: Assets/Sun_Temple/Content/Meshes/Main/Bld_Deco_DrainPipe_Top.fbx
  artifactKey: Guid(f7651e1c2aae3f84aa3eb3e9a984cbe2) Importer(815301076,1909f56bfc062723c751e8b465ee728b)
Start importing Assets/Sun_Temple/Content/Meshes/Main/Bld_Deco_DrainPipe_Top.fbx using Guid(f7651e1c2aae3f84aa3eb3e9a984cbe2) Importer(815301076,1909f56bfc062723c751e8b465ee728b)  -> (artifact id: '3eabc11b8e86221f4fcf789a37de28c4') in 0.038043 seconds 
========================================================================
Received Import Request.
  Time since last request: 0.000023 seconds.
  path: Assets/Sun_Temple/Content/Meshes/Main/Bld_Deco_DrainPipe_Roof.fbx
  artifactKey: Guid(e24327a9911789d4c95115619d593740) Importer(815301076,1909f56bfc062723c751e8b465ee728b)
Start importing Assets/Sun_Temple/Content/Meshes/Main/Bld_Deco_DrainPipe_Roof.fbx using Guid(e24327a9911789d4c95115619d593740) Importer(815301076,1909f56bfc062723c751e8b465ee728b)  -> (artifact id: 'f31e50688dfadf0116331adf67edd610') in 0.037683 seconds 
========================================================================
Received Import Request.
  Time since last request: 0.000028 seconds.
  path: Assets/Sun_Temple/Prefabs/Modules_Common/Bld_Deco_DrainPipe_Assembled_B.prefab
  artifactKey: Guid(142a9bec9cd68314eb843e4e0dc74f0d) Importer(815301076,1909f56bfc062723c751e8b465ee728b)
Start importing Assets/Sun_Temple/Prefabs/Modules_Common/Bld_Deco_DrainPipe_Assembled_B.prefab using Guid(142a9bec9cd68314eb843e4e0dc74f0d) Importer(815301076,1909f56bfc062723c751e8b465ee728b)  -> (artifact id: 'a050f71107bddeb39e61dd45bc52aba8') in 0.040366 seconds 
========================================================================
Received Import Request.
  Time since last request: 0.000031 seconds.
  path: Assets/Sun_Temple/Prefabs/Backgrounds/Bgr_DistantBuilding_F.prefab
  artifactKey: Guid(023aca4fc9b5aba4e9fa72157d226eee) Importer(815301076,1909f56bfc062723c751e8b465ee728b)
Start importing Assets/Sun_Temple/Prefabs/Backgrounds/Bgr_DistantBuilding_F.prefab using Guid(023aca4fc9b5aba4e9fa72157d226eee) Importer(815301076,1909f56bfc062723c751e8b465ee728b)  -> (artifact id: '0b699622a93230c114201065fcd08cd1') in 0.030870 seconds 
========================================================================
Received Import Request.
  Time since last request: 0.000067 seconds.
  path: Assets/Sun_Temple/Content/Meshes/Main/Bgr_MountainBase.fbx
  artifactKey: Guid(d51424e987ee8e246830ec6370d007da) Importer(815301076,1909f56bfc062723c751e8b465ee728b)
Start importing Assets/Sun_Temple/Content/Meshes/Main/Bgr_MountainBase.fbx using Guid(d51424e987ee8e246830ec6370d007da) Importer(815301076,1909f56bfc062723c751e8b465ee728b)  -> (artifact id: '17a7a87ed56502c6c9e16b415f55355a') in 0.053468 seconds 
========================================================================
Received Import Request.
  Time since last request: 0.000038 seconds.
  path: Assets/Sun_Temple/Content/Meshes/Main/Bgr_DistantBuilding_D.fbx
  artifactKey: Guid(e8d55d7720295484ea86525daf1cb6a1) Importer(815301076,1909f56bfc062723c751e8b465ee728b)
Start importing Assets/Sun_Temple/Content/Meshes/Main/Bgr_DistantBuilding_D.fbx using Guid(e8d55d7720295484ea86525daf1cb6a1) Importer(815301076,1909f56bfc062723c751e8b465ee728b)  -> (artifact id: '2ea169ba793bb5be80037602afe8175a') in 0.029286 seconds 
========================================================================
Received Import Request.
  Time since last request: 0.000027 seconds.
  path: Assets/Sun_Temple/Content/Meshes/Main/Bgr_DistantBuilding_G.fbx
  artifactKey: Guid(7cf9989952dd89949a54873a7a212383) Importer(815301076,1909f56bfc062723c751e8b465ee728b)
Start importing Assets/Sun_Temple/Content/Meshes/Main/Bgr_DistantBuilding_G.fbx using Guid(7cf9989952dd89949a54873a7a212383) Importer(815301076,1909f56bfc062723c751e8b465ee728b)  -> (artifact id: '436933ec702c4031836976cc3525ac5f') in 0.031359 seconds 
========================================================================
Received Import Request.
  Time since last request: 0.000042 seconds.
  path: Assets/Sun_Temple/Prefabs/Modules_Common/Bld_Deco_DrainPipe_Base.prefab
  artifactKey: Guid(2f3083acaf30948488d1e9686e1f6c6e) Importer(815301076,1909f56bfc062723c751e8b465ee728b)
Start importing Assets/Sun_Temple/Prefabs/Modules_Common/Bld_Deco_DrainPipe_Base.prefab using Guid(2f3083acaf30948488d1e9686e1f6c6e) Importer(815301076,1909f56bfc062723c751e8b465ee728b)  -> (artifact id: '26b2ad952b333e8a89f7edd9fddd4b47') in 0.034586 seconds 
========================================================================
Received Import Request.
  Time since last request: 0.000026 seconds.
  path: Assets/Sun_Temple/Content/Meshes/Main/Bgr_DistantBuilding_F.fbx
  artifactKey: Guid(29c3f862a79706d4294d2fd85f7037a7) Importer(815301076,1909f56bfc062723c751e8b465ee728b)
Start importing Assets/Sun_Temple/Content/Meshes/Main/Bgr_DistantBuilding_F.fbx using Guid(29c3f862a79706d4294d2fd85f7037a7) Importer(815301076,1909f56bfc062723c751e8b465ee728b)  -> (artifact id: 'b50ad13f8e6a807293be81abbe274130') in 0.031918 seconds 
========================================================================
Received Import Request.
  Time since last request: 0.000035 seconds.
  path: Assets/Sun_Temple/Prefabs/Backgrounds/Bgr_DistantBuilding_G.prefab
  artifactKey: Guid(5a4a460caae0b6845b8065442c680f18) Importer(815301076,1909f56bfc062723c751e8b465ee728b)
Start importing Assets/Sun_Temple/Prefabs/Backgrounds/Bgr_DistantBuilding_G.prefab using Guid(5a4a460caae0b6845b8065442c680f18) Importer(815301076,1909f56bfc062723c751e8b465ee728b)  -> (artifact id: '4b8cfae9f0a80c3dce12a61820d65cc8') in 0.022821 seconds 
========================================================================
Received Import Request.
  Time since last request: 0.000041 seconds.
  path: Assets/Sun_Temple/Content/Meshes/Main/Bgr_DistantBuilding_H.fbx
  artifactKey: Guid(8ad1ecc7b918e5945be1e247ed4ca227) Importer(815301076,1909f56bfc062723c751e8b465ee728b)
Start importing Assets/Sun_Temple/Content/Meshes/Main/Bgr_DistantBuilding_H.fbx using Guid(8ad1ecc7b918e5945be1e247ed4ca227) Importer(815301076,1909f56bfc062723c751e8b465ee728b)  -> (artifact id: '9978725693b46f521b21d09ed7fc2555') in 0.031854 seconds 
========================================================================
Received Import Request.
  Time since last request: 0.000037 seconds.
  path: Assets/Sun_Temple/Content/Meshes/Main/Bgr_DistantBuilding_B.fbx
  artifactKey: Guid(9e8b4b85ed61eb241bd43fd6ac8d189c) Importer(815301076,1909f56bfc062723c751e8b465ee728b)
Start importing Assets/Sun_Temple/Content/Meshes/Main/Bgr_DistantBuilding_B.fbx using Guid(9e8b4b85ed61eb241bd43fd6ac8d189c) Importer(815301076,1909f56bfc062723c751e8b465ee728b)  -> (artifact id: '1421f3a26a314b33e1456b5a8618807d') in 0.030165 seconds 
========================================================================
Received Import Request.
  Time since last request: 4.755689 seconds.
  path: Assets/Sun_Temple/PostProcessing/Resources/Shaders/AmbientOcclusion.cginc
  artifactKey: Guid(447591ee3d9d4204899be5fe25968ea0) Importer(815301076,1909f56bfc062723c751e8b465ee728b)
Start importing Assets/Sun_Temple/PostProcessing/Resources/Shaders/AmbientOcclusion.cginc using Guid(447591ee3d9d4204899be5fe25968ea0) Importer(815301076,1909f56bfc062723c751e8b465ee728b)  -> (artifact id: '636fa015f56bc0d257e9c9970d5d3c8a') in 0.021479 seconds 
========================================================================
Received Import Request.
  Time since last request: 0.000028 seconds.
  path: Assets/Sun_Temple/Content/Meshes/Main/Bgr_Cliff_A_Simplified.fbx
  artifactKey: Guid(4023018410e020043aed418407dd34b5) Importer(815301076,1909f56bfc062723c751e8b465ee728b)
Start importing Assets/Sun_Temple/Content/Meshes/Main/Bgr_Cliff_A_Simplified.fbx using Guid(4023018410e020043aed418407dd34b5) Importer(815301076,1909f56bfc062723c751e8b465ee728b)  -> (artifact id: '84c3f7fd3a47e3c0322d939198618810') in 0.045012 seconds 
========================================================================
Received Import Request.
  Time since last request: 0.000031 seconds.
  path: Assets/Sun_Temple/Prefabs/Natural/Bgr_Cliff_A_Var.prefab
  artifactKey: Guid(17f8b1ebd66b2fc4cb1be5866944774c) Importer(815301076,1909f56bfc062723c751e8b465ee728b)
Start importing Assets/Sun_Temple/Prefabs/Natural/Bgr_Cliff_A_Var.prefab using Guid(17f8b1ebd66b2fc4cb1be5866944774c) Importer(815301076,1909f56bfc062723c751e8b465ee728b)  -> (artifact id: 'b522ab291fe79d3f80c43dc3b5a4f55b') in 0.039364 seconds 
========================================================================
Received Import Request.
  Time since last request: 0.000024 seconds.
  path: Assets/Sun_Temple/Content/Meshes/Main/Bgr_Cliff_A.fbx
  artifactKey: Guid(e8b991a6dd15a654a84d11978952ab59) Importer(815301076,1909f56bfc062723c751e8b465ee728b)
Start importing Assets/Sun_Temple/Content/Meshes/Main/Bgr_Cliff_A.fbx using Guid(e8b991a6dd15a654a84d11978952ab59) Importer(815301076,1909f56bfc062723c751e8b465ee728b)  -> (artifact id: 'd6a2fdc951f06e7d0f96172cc4f5d0cb') in 0.029899 seconds 
========================================================================
Received Import Request.
  Time since last request: 0.000035 seconds.
  path: Assets/Sun_Temple/Prefabs/Natural/Bgr_Cliff_A_Simplified.prefab
  artifactKey: Guid(d50f31ceb9c2fce48912fb7a0ad5ce2a) Importer(815301076,1909f56bfc062723c751e8b465ee728b)
Start importing Assets/Sun_Temple/Prefabs/Natural/Bgr_Cliff_A_Simplified.prefab using Guid(d50f31ceb9c2fce48912fb7a0ad5ce2a) Importer(815301076,1909f56bfc062723c751e8b465ee728b)  -> (artifact id: '523de3d76223b59e86b965f74f042585') in 0.040040 seconds 
========================================================================
Received Import Request.
  Time since last request: 0.000034 seconds.
  path: Assets/Sun_Temple/Content/Meshes/Main/Bgr_Cliff_C.fbx
  artifactKey: Guid(9ebf2a338d3e321478fa72c52b73e530) Importer(815301076,1909f56bfc062723c751e8b465ee728b)
Start importing Assets/Sun_Temple/Content/Meshes/Main/Bgr_Cliff_C.fbx using Guid(9ebf2a338d3e321478fa72c52b73e530) Importer(815301076,1909f56bfc062723c751e8b465ee728b)  -> (artifact id: '17b3c9aa6bc43fc8dff0be4c671a7b57') in 0.030439 seconds 
========================================================================
Received Import Request.
  Time since last request: 0.000026 seconds.
  path: Assets/Sun_Temple/Content/Meshes/Main/Bgr_Cliff_A_Var.fbx
  artifactKey: Guid(96efae405de83eb4282c6ffe22314caa) Importer(815301076,1909f56bfc062723c751e8b465ee728b)
Start importing Assets/Sun_Temple/Content/Meshes/Main/Bgr_Cliff_A_Var.fbx using Guid(96efae405de83eb4282c6ffe22314caa) Importer(815301076,1909f56bfc062723c751e8b465ee728b)  -> (artifact id: '8891b1bbb1f2413c00011f41972f972e') in 0.029349 seconds 
========================================================================
Received Import Request.
  Time since last request: 0.000025 seconds.
  path: Assets/Sun_Temple/Prefabs/Natural/Bgr_Cliff_C.prefab
  artifactKey: Guid(0b4df975bf91c3c4aa0142d09e1ece26) Importer(815301076,1909f56bfc062723c751e8b465ee728b)
Start importing Assets/Sun_Temple/Prefabs/Natural/Bgr_Cliff_C.prefab using Guid(0b4df975bf91c3c4aa0142d09e1ece26) Importer(815301076,1909f56bfc062723c751e8b465ee728b)  -> (artifact id: '0f936d847f4ae729c84e31dd3c6b8898') in 0.030702 seconds 
